<?xml version="1.0" encoding="UTF-8"?>
<testng-results ignored="6" total="7" passed="1" failed="0" skipped="0">
  <reporter-output>
  </reporter-output>
  <suite started-at="2025-11-02T15:13:23 EST" name="Surefire suite" finished-at="2025-11-02T15:13:28 EST" duration-ms="5545">
    <groups>
    </groups>
    <test started-at="2025-11-02T15:13:23 EST" name="Surefire test" finished-at="2025-11-02T15:13:28 EST" duration-ms="5545">
      <class name="test.InputTests">
        <test-method is-config="true" signature="setUp()[pri:0, instance:test.InputTests@14ec4505]" started-at="2025-11-02T15:13:23 EST" name="setUp" finished-at="2025-11-02T15:13:28 EST" duration-ms="4992" status="PASS">
          <reporter-output>
          </reporter-output>
        </test-method> <!-- setUp -->
        <test-method signature="testHeightInputErrorMessageNonNegativeNumbersOnly()[pri:0, instance:test.InputTests@14ec4505]" started-at="2025-11-02T15:13:28 EST" name="testHeightInputErrorMessageNonNegativeNumbersOnly" finished-at="2025-11-02T15:13:28 EST" duration-ms="453" status="PASS">
          <reporter-output>
          </reporter-output>
        </test-method> <!-- testHeightInputErrorMessageNonNegativeNumbersOnly -->
        <test-method is-config="true" signature="tearDown()[pri:0, instance:test.InputTests@14ec4505]" started-at="2025-11-02T15:13:28 EST" name="tearDown" finished-at="2025-11-02T15:13:28 EST" duration-ms="86" status="PASS">
          <reporter-output>
          </reporter-output>
        </test-method> <!-- tearDown -->
      </class> <!-- test.InputTests -->
    </test> <!-- Surefire test -->
  </suite> <!-- Surefire suite -->
</testng-results>
