<?xml version="1.0" encoding="UTF-8"?>
<!-- Generated by org.testng.reporters.JUnitXMLReporter -->
<testsuite ignored="6" hostname="Mac" failures="0" tests="1" name="Surefire test" time="5.545" errors="0" timestamp="2025-11-02T15:13:28 EST">
  <testcase classname="test.InputTests" name="testHeightInputErrorMessageNonNegativeNumbersOnly" time="0.453"/>
  <testcase classname="test.InputTests" name="testAgeErrorMessageUSMale" time="0.0">
    <ignored/>
  </testcase> <!-- testAgeErrorMessageUSMale -->
  <testcase classname="test.InputTests" name="testAgeErrorMessageMetricMale" time="0.0">
    <ignored/>
  </testcase> <!-- testAgeErrorMessageMetricMale -->
  <testcase classname="test.InputTests" name="testAgeErrorMessageMetricFemale" time="0.0">
    <ignored/>
  </testcase> <!-- testAgeErrorMessageMetricFemale -->
  <testcase classname="test.InputTests" name="testAgeErrorMessageUSFemale" time="0.0">
    <ignored/>
  </testcase> <!-- testAgeErrorMessageUSFemale -->
  <testcase classname="test.InputTests" name="testHeightInputErrorMessagePositveNumbersOnly" time="0.0">
    <ignored/>
  </testcase> <!-- testHeightInputErrorMessagePositveNumbersOnly -->
  <testcase classname="test.InputTests" name="testAgeInputErrorMessagePositveNumbersOnly" time="0.0">
    <ignored/>
  </testcase> <!-- testAgeInputErrorMessagePositveNumbersOnly -->
</testsuite> <!-- Surefire test -->
